<?xml version="1.0" encoding="UTF-8"?>
<!-- Generated by org.testng.reporters.JUnitReportReporter -->
<testsuite hostname="ASI-1" name="com.Tech.Test.SimpleGetTest" tests="1" failures="0" timestamp="16 Feb 2018 13:57:20 GMT" time="1.422" errors="0">
  <testcase name="GetWeatherDetails" time="1.422" classname="com.Tech.Test.SimpleGetTest"/>
</testsuite> <!-- com.Tech.Test.SimpleGetTest -->
