<?xml version="1.0" encoding="UTF-8"?>
<!-- Generated by org.testng.reporters.JUnitReportReporter -->
<testsuite hostname="ASI-1" name="com.Tech.verify.Scenario1" tests="1" failures="0" timestamp="16 Feb 2018 14:28:00 GMT" time="1.538" errors="0">
  <testcase name="GetCityDetails" time="1.538" classname="com.Tech.verify.Scenario1"/>
</testsuite> <!-- com.Tech.verify.Scenario1 -->
