<?xml version="1.0" encoding="UTF-8"?>
<!-- Generated by org.testng.reporters.JUnitReportReporter -->
<testsuite hostname="ASI-1" name="com.Tech.Test.Scenario1" tests="1" failures="0" timestamp="16 Feb 2018 13:58:57 GMT" time="1.501" errors="0">
  <testcase name="GetWeatherDetails" time="1.501" classname="com.Tech.Test.Scenario1"/>
</testsuite> <!-- com.Tech.Test.Scenario1 -->
