<?xml version="1.0" encoding="UTF-8"?>
<!-- Generated by org.testng.reporters.JUnitReportReporter -->
<testsuite hostname="ASI-1" name="com.Tech.verify.Scenario2" tests="2" failures="0" timestamp="16 Feb 2018 14:28:10 GMT" time="1.584" errors="0">
  <testcase name="positiveScenario" time="1.464" classname="com.Tech.verify.Scenario2"/>
  <testcase name="negativeSceanrio" time="0.120" classname="com.Tech.verify.Scenario2"/>
</testsuite> <!-- com.Tech.verify.Scenario2 -->
